# JRE version: OpenJDK Runtime Environment Corretto-17.0.17.10.1 (17.0.17+10) (build 17.0.17+10-LTS)
# Java VM: OpenJDK 64-Bit Server VM Corretto-17.0.17.10.1 (17.0.17+10-LTS, mixed mode, sharing, tiered, compressed oops, compressed class ptrs, g1 gc, windows-amd64)
GC Precious Log:
 CPUs: 12 total, 12 available
 Memory: 16095M
 Large Page Support: Disabled
 NUMA Support: Disabled
 Compressed Oops: Enabled (32-bit)
 Heap Region Size: 1M
 Heap Min Capacity: 8M
 Heap Initial Capacity: 252M
 Heap Max Capacity: 1G
 Pre-touch: Disabled
 Parallel Workers: 10
 Concurrent Workers: 3
 Concurrent Refinement Workers: 10
 Periodic GC: Disabled
Heap:
 garbage-first heap   total 109568K, used 64176K [0x00000000c0000000, 0x0000000100000000)
  region size 1024K, 32 young (32768K), 3 survivors (3072K)
 Metaspace       used 31796K, committed 32128K, reserved 1114112K
  class space    used 3687K, committed 3840K, reserved 1048576K
GC Heap History (10 events):
Event: 1.136 GC heap before
{Heap before GC invocations=0 (full 0):
 garbage-first heap   total 258048K, used 33792K [0x00000000c0000000, 0x0000000100000000)
  region size 1024K, 23 young (23552K), 0 survivors (0K)
 Metaspace       used 1711K, committed 1856K, reserved 1114112K
  class space    used 98K, committed 192K, reserved 1048576K
}
Event: 1.147 GC heap after
{Heap after GC invocations=1 (full 0):
 garbage-first heap   total 258048K, used 23149K [0x00000000c0000000, 0x0000000100000000)
  region size 1024K, 3 young (3072K), 3 survivors (3072K)
 Metaspace       used 1711K, committed 1856K, reserved 1114112K
  class space    used 98K, committed 192K, reserved 1048576K
}
Event: 2.343 GC heap before
{Heap before GC invocations=1 (full 0):
 garbage-first heap   total 258048K, used 40557K [0x00000000c0000000, 0x0000000100000000)
  region size 1024K, 21 young (21504K), 3 survivors (3072K)
 Metaspace       used 6472K, committed 6656K, reserved 1114112K
  class space    used 690K, committed 768K, reserved 1048576K
}
Event: 2.349 GC heap after
{Heap after GC invocations=2 (full 0):
 garbage-first heap   total 258048K, used 25032K [0x00000000c0000000, 0x0000000100000000)
  region size 1024K, 2 young (2048K), 2 survivors (2048K)
 Metaspace       used 6472K, committed 6656K, reserved 1114112K
  class space    used 690K, committed 768K, reserved 1048576K
}
Event: 6.143 GC heap before
{Heap before GC invocations=2 (full 0):
 garbage-first heap   total 258048K, used 64968K [0x00000000c0000000, 0x0000000100000000)
  region size 1024K, 42 young (43008K), 2 survivors (2048K)
 Metaspace       used 16331K, committed 16512K, reserved 1114112K
  class space    used 1957K, committed 2048K, reserved 1048576K
}
Event: 6.153 GC heap after
{Heap after GC invocations=3 (full 0):
 garbage-first heap   total 258048K, used 29195K [0x00000000c0000000, 0x0000000100000000)
  region size 1024K, 6 young (6144K), 6 survivors (6144K)
 Metaspace       used 16331K, committed 16512K, reserved 1114112K
  class space    used 1957K, committed 2048K, reserved 1048576K
}
Event: 8.386 GC heap before
{Heap before GC invocations=3 (full 0):
 garbage-first heap   total 258048K, used 45579K [0x00000000c0000000, 0x0000000100000000)
  region size 1024K, 23 young (23552K), 6 survivors (6144K)
 Metaspace       used 21297K, committed 21504K, reserved 1114112K
  class space    used 2561K, committed 2688K, reserved 1048576K
}
Event: 8.412 GC heap after
{Heap after GC invocations=4 (full 0):
 garbage-first heap   total 258048K, used 30409K [0x00000000c0000000, 0x0000000100000000)
  region size 1024K, 2 young (2048K), 2 survivors (2048K)
 Metaspace       used 21297K, committed 21504K, reserved 1114112K
  class space    used 2561K, committed 2688K, reserved 1048576K
}
Event: 13.238 GC heap before
{Heap before GC invocations=5 (full 0):
 garbage-first heap   total 109568K, used 79561K [0x00000000c0000000, 0x0000000100000000)
  region size 1024K, 52 young (53248K), 2 survivors (2048K)
 Metaspace       used 25869K, committed 26176K, reserved 1114112K
  class space    used 2995K, committed 3136K, reserved 1048576K
}
Event: 13.245 GC heap after
{Heap after GC invocations=6 (full 0):
 garbage-first heap   total 109568K, used 31408K [0x00000000c0000000, 0x0000000100000000)
  region size 1024K, 3 young (3072K), 3 survivors (3072K)
 Metaspace       used 25869K, committed 26176K, reserved 1114112K
  class space    used 2995K, committed 3136K, reserved 1048576K
}

